<?xml version="1.0" encoding="UTF-8"?>
<testsuite xmlns:xsi="http://www.w3.org/2001/XMLSchema-instance" xsi:noNamespaceSchemaLocation="https://maven.apache.org/surefire/maven-surefire-plugin/xsd/surefire-test-report.xsd" version="3.0.2" name="com.example.graduados.GraduadosApplicationTests" time="2.516" tests="1" errors="0" skipped="0" failures="0">
  <properties>
[...]
</properties>
  <testcase name="contextLoads" classname="com.example.graduados.GraduadosApplicationTests" time="0.737">
    <system-out><![CDATA[17:19:02.248 [main] INFO org.springframework.test.context.support.AnnotationConfigContextLoaderUtils -- Could not detect default configuration classes for test class [com.example.graduados.GraduadosApplicationTests]: GraduadosApplicationTests does not declare any static, non-private, non-final, nested classes annotated with @Configuration.
17:19:02.354 [main] INFO org.springframework.boot.test.context.SpringBootTestContextBootstrapper -- Found @SpringBootConfiguration com.example.graduados.GraduadosApplication for test class com.example.graduados.GraduadosApplicationTests

  .   ____          _            __ _ _
 /\\ / ___'_ __ _ _(_)_ __  __ _ \ \ \ \
( ( )\___ | '_ | '_| | '_ \/ _` | \ \ \ \
 \\/  ___)| |_)| | | | | || (_| |  ) ) ) )
  '  |____| .__|_| |_|_| |_\__, | / / / /
 =========|_|==============|___/=/_/_/_/

 :: Spring Boot ::                (v3.4.1)

2025-01-20T17:19:02.764-06:00  INFO 22656 --- [graduados] [           main] c.e.graduados.GraduadosApplicationTests  : Starting GraduadosApplicationTests using Java 20.0.1 with PID 22656 (started by Jonathan in C:\Users\jonit\OneDrive\Escritorio\graduados)
2025-01-20T17:19:02.765-06:00  INFO 22656 --- [graduados] [           main] c.e.graduados.GraduadosApplicationTests  : No active profile set, falling back to 1 default profile: "default"
2025-01-20T17:19:03.584-06:00  INFO 22656 --- [graduados] [           main] o.s.b.a.w.s.WelcomePageHandlerMapping    : Adding welcome page template: index
2025-01-20T17:19:03.847-06:00  INFO 22656 --- [graduados] [           main] c.e.graduados.GraduadosApplicationTests  : Started GraduadosApplicationTests in 1.34 seconds (process running for 2.259)
]]></system-out>
  </testcase>
</testsuite>